<?xml version="1.0" encoding="UTF-8"?>
<!-- Generated by org.testng.reporters.JUnitReportReporter -->
<testsuite hostname="PRTM-nyijiati" failures="0" tests="4" name="amazonProject.HeaderTest" time="10.291" errors="0" timestamp="14 Aug 2019 15:32:40 GMT" skipped="3">
  <testcase classname="amazonProject.HeaderTest" name="AP_1005" time="10.291"/>
  <testcase classname="amazonProject.HeaderTest" name="AP_1002">
    <skipped/>
  </testcase> <!-- AP_1002 -->
  <testcase classname="amazonProject.HeaderTest" name="AP_1001">
    <skipped/>
  </testcase> <!-- AP_1001 -->
  <testcase classname="amazonProject.HeaderTest" name="AP_1004">
    <skipped/>
  </testcase> <!-- AP_1004 -->
</testsuite> <!-- amazonProject.HeaderTest -->
