<?xml version="1.0" encoding="UTF-8"?>
<!-- Generated by org.testng.reporters.JUnitReportReporter -->
<testsuite hostname="PRTM-nyijiati" failures="0" tests="3" name="amazonTest.HeaderTest" time="18.106" errors="0" timestamp="17 Aug 2019 15:22:57 GMT" skipped="2">
  <testcase classname="amazonTest.HeaderTest" name="AP_1004" time="18.106"/>
  <testcase classname="amazonTest.HeaderTest" name="AP_1002">
    <skipped/>
  </testcase> <!-- AP_1002 -->
  <testcase classname="amazonTest.HeaderTest" name="AP_1005">
    <skipped/>
  </testcase> <!-- AP_1005 -->
</testsuite> <!-- amazonTest.HeaderTest -->
