<?xml version="1.0" encoding="UTF-8"?>
<!-- Generated by org.testng.reporters.JUnitReportReporter -->
<testsuite hostname="PRTM-nyijiati" failures="0" tests="3" name="amazonTest.HeaderTest" time="42.682" errors="0" timestamp="17 Aug 2019 18:40:05 GMT" skipped="0">
  <testcase classname="amazonTest.HeaderTest" name="AP_1004" time="17.950"/>
  <testcase classname="amazonTest.HeaderTest" name="AP_1001" time="16.365"/>
  <testcase classname="amazonTest.HeaderTest" name="AP_1002" time="8.367"/>
</testsuite> <!-- amazonTest.HeaderTest -->
