<?xml version="1.0" encoding="UTF-8"?>
<!-- Generated by org.testng.reporters.JUnitReportReporter -->
<testsuite hostname="PRTM-nyijiati" failures="0" tests="2" name="amazonTest.SearchTest" time="16.019" errors="0" timestamp="17 Aug 2019 18:40:05 GMT" skipped="0">
  <testcase classname="amazonTest.SearchTest" name="AP_1012" time="7.987"/>
  <testcase classname="amazonTest.SearchTest" name="AP_1011" time="8.032"/>
</testsuite> <!-- amazonTest.SearchTest -->
