<?xml version="1.0" encoding="UTF-8"?>
<!-- Generated by org.testng.reporters.JUnitReportReporter -->
<testsuite hostname="PRTM-nyijiati" failures="0" tests="1" name="amazonTest.SignInTest" time="8.095" errors="0" timestamp="17 Aug 2019 18:40:05 GMT" skipped="0">
  <testcase classname="amazonTest.SignInTest" name="AP_1012" time="8.095"/>
</testsuite> <!-- amazonTest.SignInTest -->
