<?xml version="1.0" encoding="UTF-8"?>
<!-- Generated by org.testng.reporters.JUnitReportReporter -->
<testsuite hostname="PRTM-nyijiati" failures="0" tests="5" name="amazonProject.HeaderTest" time="5.464" errors="0" timestamp="10 Aug 2019 18:44:34 GMT" skipped="4">
  <testcase classname="amazonProject.HeaderTest" name="test" time="5.464"/>
  <testcase classname="amazonProject.HeaderTest" name="AP_1002">
    <skipped/>
  </testcase> <!-- AP_1002 -->
  <testcase classname="amazonProject.HeaderTest" name="AP_1001">
    <skipped/>
  </testcase> <!-- AP_1001 -->
  <testcase classname="amazonProject.HeaderTest" name="AP_1004">
    <skipped/>
  </testcase> <!-- AP_1004 -->
  <testcase classname="amazonProject.HeaderTest" name="AP_1005">
    <skipped/>
  </testcase> <!-- AP_1005 -->
</testsuite> <!-- amazonProject.HeaderTest -->
